<?xml version="1.0" encoding="UTF-8"?>
<!-- Generated by org.testng.reporters.JUnitReportReporter -->
<testsuite hostname="ojt23-PC" name="driverScript.AppTest" tests="1" failures="0" timestamp="22 Feb 2020 07:36:52 GMT" time="0.045" errors="0">
  <testcase name="f" time="0.045" classname="driverScript.AppTest"/>
</testsuite> <!-- driverScript.AppTest -->
